<?xml version="1.0" encoding="UTF-8"?>
<!-- Generated by org.testng.reporters.JUnitReportReporter -->
<testsuite hostname="DESKTOP-3ERA6MS" name="sliva.blackberry" tests="1" failures="0" timestamp="21 Sep 2017 21:31:20 GMT" time="24.395" errors="0">
  <testcase name="openGoogle" time="24.395" classname="sliva.blackberry"/>
</testsuite> <!-- sliva.blackberry -->
